163:/home/grant/.luarocks/share/lua/5.1/busted/block.lua
0 0 0 0 0 0 0 0 0 0 0 0 0 0 0 17 17 0 17 122213 0 122213 122230 0 17 7189 7189 129402 237237 115024 0 0 7206 0 0 4814 4814 9628 4814 17 0 17 9506 0 9506 7131 7131 0 0 0 0 9506 977 0 9506 9506 8529 0 0 977 977 0 0 0 0 0 0 977 0 977 17 0 17 10483 0 10483 7131 7131 0 0 0 0 10483 0 10483 13242 8277 0 0 0 0 10483 17 0 17 11460 11460 0 11460 13515 6165 0 0 0 0 0 11460 14262 0 0 0 11460 17 0 17 2375 17 0 17 977 977 977 0 994 0 17 977 17 0 17 977 17 0 17 960 0 960 960 960 0 0 0 0 960 0 2880 960 0 960 0 0 0 0 1920 960 0 0 960 960 0 977 0 17 
65:/home/grant/.luarocks/share/lua/5.1/busted/compatibility.lua
0 0 0 0 0 0 0 0 0 0 0 0 0 0 0 0 0 0 0 0 0 0 0 0 0 0 0 0 0 0 0 0 0 0 0 0 11 0 11 11 0 11 11 0 0 0 0 0 0 0 0 0 0 0 0 0 0 0 0 0 0 0 0 0 11 
130:/home/grant/.luarocks/share/lua/5.1/busted/context.lua
0 0 0 130 6110 5980 0 130 130 130 260 130 0 0 0 130 6110 5980 0 6110 0 5980 0 0 0 29438 29888 28988 130 0 0 0 0 0 0 0 0 0 0 0 0 0 0 0 4814 4814 9628 9628 4814 0 4814 9628 0 0 0 0 0 0 0 4814 0 4814 0 0 8149 8149 260 8019 9628 3205 0 0 8149 8149 0 0 8149 8149 0 0 8149 130 0 8149 0 0 151663 0 0 0 0 0 0 0 0 0 0 0 0 0 0 0 0 0 3641 3641 3641 3641 0 0 994 0 0 0 329982 0 0 0 18188 18188 18188 18188 18188 0 0 18188 36376 18188 18188 18188 
317:/home/grant/.luarocks/share/lua/5.1/busted/core.lua
0 0 0 0 0 0 0 62 0 0 0 0 0 0 0 0 0 0 0 0 0 0 0 46 46 31 15 0 0 15 0 0 0 77 0 0 0 130 0 0 0 0 0 0 0 0 0 0 0 0 0 0 0 0 0 0 0 0 0 0 0 0 0 0 0 0 0 0 0 3557 3557 0 3557 3557 3659 10835 102 102 0 0 3557 3588 0 3557 7114 0 0 0 46 92 46 46 0 46 46 0 0 0 0 0 46 0 0 0 10413 0 0 0 578 0 0 0 0 0 0 0 3603 0 6260 6260 133 133 133 133 133 133 0 0 6127 3470 3470 3470 3470 3470 0 0 5314 0 0 0 0 0 0 31 31 31 31 62 31 0 0 0 0 0 0 0 0 0 0 0 0 0 0 0 0 0 260 0 130 0 130 0 0 18188 18188 18188 0 36376 92 92 92 36422 0 18188 46 0 0 0 46 0 0 0 0 0 0 0 0 0 0 0 92 0 36376 0 18188 18188 0 0 0 6704 6704 6704 3352 3352 3352 3352 3352 3352 0 13408 6704 13408 6704 0 0 0 0 0 0 0 0 0 0 0 0 0 0 0 0 0 0 0 0 0 0 0 0 0 0 0 0 0 0 0 0 0 0 0 3641 306 306 3335 0 0 0 3641 0 3641 7282 7022 0 0 0 3641 7282 0 7282 3641 0 0 0 0 0 0 3641 3641 3641 3641 3641 3641 3641 0 0 0 0 0 0 0 3641 0 3641 1286 0 2355 0 3641 0 0 0 994 5595 3641 3641 10005 3641 0 977 
31:/home/grant/.luarocks/share/lua/5.1/busted/environment.lua
0 0 0 0 0 0 0 403499 0 383034 784632 383034 0 0 0 0 0 0 0 0 283910 0 0 0 0 0 0 0 0 0 130 
72:/home/grant/.luarocks/share/lua/5.1/busted/execute.lua
17 17 17 0 0 0 0 0 0 0 0 0 17 0 0 17 0 0 17 34 0 0 0 0 0 0 0 0 0 0 0 0 0 0 0 0 0 0 17 0 34 17 0 0 0 0 0 17 0 17 0 0 0 0 17 34 34 17 0 17 17 0 17 0 17 0 0 0 34 0 17 17 
129:/home/grant/.luarocks/share/lua/5.1/busted/init.lua
0 0 0 0 130 260 130 0 130 130 0 0 830 1660 830 0 830 830 0 0 2375 2375 0 4750 0 0 0 0 2375 0 2375 2375 2375 0 2375 0 2375 2375 4750 4750 2375 0 0 0 0 0 0 4750 0 0 2375 2375 0 0 0 0 0 0 0 0 0 0 0 0 0 0 0 0 0 0 0 0 0 0 0 0 0 0 0 0 0 0 0 0 0 0 0 0 0 0 0 0 0 0 0 0 0 0 0 0 0 0 0 0 0 0 0 0 0 0 0 0 0 0 0 0 0 0 0 0 0 0 0 0 0 0 0 0 14556 
50:/home/grant/.luarocks/share/lua/5.1/busted/languages/en.lua
17 0 17 0 0 17 17 17 17 0 17 17 17 17 0 17 17 17 17 0 17 17 17 17 0 17 0 17 17 0 0 17 17 0 0 0 0 0 0 0 0 17 17 0 0 0 0 0 17 17 
64:/home/grant/.luarocks/share/lua/5.1/busted/luajit.lua
17 0 17 0 0 0 0 0 0 17 0 0 0 0 0 0 0 51 51 0 51 0 0 0 0 0 0 0 0 0 0 0 0 0 0 0 51 68 0 0 17 17 0 17 0 0 0 0 0 0 0 0 0 0 0 17 34 0 0 17 17 17 17 34 
23:/home/grant/.luarocks/share/lua/5.1/busted/modules/files/lua.lua
17 0 17 0 0 3557 7114 3557 17 0 0 270 17 0 0 135 135 5 0 135 17 0 17 
107:/home/grant/.luarocks/share/lua/5.1/busted/modules/files/moonscript.lua
17 0 34 17 17 0 17 0 0 0 0 0 0 0 0 0 0 17 0 0 0 0 0 0 0 0 0 0 0 0 17 0 0 0 0 0 17 0 0 0 0 0 0 0 0 0 0 0 0 0 0 0 0 0 0 0 0 0 0 0 0 0 0 0 0 0 17 0 17 0 0 0 0 0 0 0 0 0 0 0 17 0 0 0 0 0 0 0 0 0 0 0 17 0 0 0 17 0 0 0 0 0 0 0 17 0 17 
156:/home/grant/.luarocks/share/lua/5.1/busted/modules/filter_loader.lua
0 0 0 2375 2375 0 7131 7131 4756 9512 0 0 2375 17 0 0 0 0 17 0 0 3205 0 0 0 0 3205 17 0 0 2375 2375 0 0 0 0 2375 17 0 0 3205 0 0 0 0 3205 17 0 17 17 0 0 0 0 0 0 0 0 0 0 0 0 17 0 0 3205 0 0 0 0 3205 17 0 0 2375 0 0 0 0 2375 17 0 0 0 0 0 0 0 0 0 0 0 17 0 0 0 17 0 17 0 0 0 0 0 0 17 0 0 0 17 0 0 170 306 221 0 0 187 0 0 0 0 0 0 0 0 17 0 17 0 0 0 0 0 0 0 0 0 0 0 0 0 0 17 17 17 17 0 0 17 17 17 17 17 17 17 
34:/home/grant/.luarocks/share/lua/5.1/busted/modules/output_handler_loader.lua
0 0 0 0 0 0 17 0 17 34 17 0 17 0 0 17 0 34 0 17 0 0 0 17 0 0 0 0 17 0 0 0 34 17 
101:/home/grant/.luarocks/share/lua/5.1/busted/modules/test_file_loader.lua
17 0 0 17 17 17 17 0 51 34 34 0 0 0 17 0 34 1 32 16 32 0 32 150 150 0 0 0 0 166 150 134 0 0 16 32 0 32 134 0 0 134 0 32 0 0 0 0 0 17 17 17 0 0 17 34 34 0 17 17 0 0 0 135 270 135 0 0 17 0 0 17 0 152 135 0 135 260 130 130 130 130 0 0 130 0 0 0 17 0 0 0 0 0 0 0 17 17 0 17 17 
103:/home/grant/.luarocks/share/lua/5.1/busted/outputHandlers/TAP.lua
17 17 17 17 17 17 17 0 0 4915 4932 0 0 17 17 0 17 17 17 17 0 0 0 0 17 0 0 17 17 17 17 0 0 51 51 0 51 0 51 0 0 0 51 51 46 0 51 0 0 51 51 46 0 68 0 0 2375 2375 2375 4750 2375 0 2375 0 2375 17 0 0 2375 2375 2329 4658 46 0 0 46 62 15 15 0 2375 0 2375 17 0 0 20 5 5 0 20 0 20 17 0 34 34 34 34 34 0 17 17 
181:/home/grant/.luarocks/share/lua/5.1/busted/outputHandlers/base.lua
17 17 0 0 17 17 17 0 17 0 17 0 17 0 17 0 0 0 9500 17 0 0 17 17 0 17 0 0 0 34 34 34 34 34 34 34 34 34 34 34 0 0 9510 4755 0 14267 14262 0 9512 28536 0 0 4755 17 0 0 0 2380 28377 25997 21247 0 0 2380 2380 0 2380 2380 4760 4760 2380 2380 2380 0 2380 0 2380 17 0 0 0 0 0 0 0 17 0 0 17 17 17 17 0 0 0 0 0 0 0 0 0 0 0 0 0 17 0 0 17 17 17 17 0 0 2375 2375 17 0 0 2375 0 2375 2329 2329 46 0 0 46 0 31 31 15 0 15 0 0 2329 0 2329 2329 2329 0 0 0 2329 0 0 2329 0 2329 17 0 0 0 0 0 0 17 0 0 62 31 17 0 0 15 30 15 17 0 0 51 5 10 0 0 51 17 0 17 17 
90:/home/grant/.luarocks/share/lua/5.1/busted/outputHandlers/vusted/default.lua
0 17 17 0 0 17 0 0 17 0 0 0 17 17 34 0 0 51 51 5 0 46 46 17 0 0 65 51 51 46 0 0 31 0 0 17 17 17 0 0 0 0 0 0 0 0 0 0 0 0 0 0 0 0 0 0 0 0 0 0 17 0 0 17 0 17 0 17 6 6 0 0 17 0 0 0 0 17 8 8 0 0 17 0 17 17 34 0 17 17 
227:/home/grant/.luarocks/share/lua/5.1/busted/runner.lua
0 0 0 0 0 0 0 0 0 0 0 0 0 0 0 0 0 0 0 0 0 0 0 0 0 0 0 0 0 0 0 0 0 0 0 0 0 0 0 0 0 0 0 0 0 0 0 0 0 0 0 0 0 0 0 0 0 0 0 0 0 0 0 0 0 17 0 0 0 0 0 0 17 0 0 0 0 17 0 0 0 0 0 17 17 0 0 17 17 0 0 0 17 31 14 0 0 0 0 17 17 17 0 34 0 0 17 0 34 0 0 17 0 34 20 20 20 17 0 34 31 31 0 0 0 31 31 17 0 0 17 17 34 0 0 34 17 17 17 17 17 17 17 0 0 0 17 0 0 17 0 0 0 0 0 0 0 0 0 0 0 0 0 0 0 0 0 0 0 0 0 0 0 17 0 17 0 0 0 0 0 0 0 0 0 34 17 17 17 17 17 17 17 17 17 0 0 17 0 17 17 17 34 17 17 17 17 0 0 0 0 0 0 17 17 34 17 17 17 0 0 17 0 17 11 0 6 
42:/home/grant/.luarocks/share/lua/5.1/busted/status.lua
0 22938 0 0 0 0 0 0 0 0 25313 0 0 0 20563 20563 33041 20563 20563 20563 0 0 0 20563 0 0 0 20563 0 0 0 4750 2375 2375 0 22938 0 0 20563 20563 25313 20563 
35:/home/grant/.luarocks/share/lua/5.1/busted/utils.lua
0 0 0 17 17 17 0 0 0 0 17 0 0 0 0 0 0 0 0 0 0 0 0 0 0 0 17 17 17 17 17 85 68 0 17 
175:/home/grant/.luarocks/share/lua/5.1/luassert/assert.lua
0 0 0 0 0 0 0 0 0 0 0 62 5 26 0 0 62 31 5 0 31 0 0 0 0 0 3180 0 3180 0 8651 5471 0 0 3180 8201 5246 2291 0 0 0 2955 5910 0 2955 31 31 10 0 31 62 0 0 2924 144 0 2780 0 225 225 0 450 225 450 0 0 0 0 225 0 0 0 12019 5487 0 0 3266 0 0 0 0 2955 0 0 0 0 0 0 0 0 0 0 0 0 0 0 0 0 0 0 0 0 0 0 0 0 0 0 0 0 0 0 0 0 0 0 0 0 0 31 31 90 59 49 49 49 49 0 0 31 0 0 0 0 0 0 0 0 0 0 0 3739 3739 0 0 0 0 0 0 0 0 0 0 0 0 0 0 0 0 0 0 0 0 0 0 0 8768 0 0 0 8768 0 0 0 8865 
304:/home/grant/.luarocks/share/lua/5.1/luassert/assertions.lua
0 0 0 0 0 0 0 0 0 0 0 0 0 0 132 0 0 0 2730 459 0 2730 0 0 0 0 0 0 0 0 0 0 0 0 0 0 0 0 0 0 0 0 0 0 0 0 0 0 0 0 0 0 0 0 0 0 0 0 0 0 0 0 0 0 0 0 0 0 0 0 0 0 0 66 66 132 66 66 132 66 0 66 66 66 0 0 0 0 0 0 66 66 66 132 198 132 0 132 66 66 0 66 0 0 0 66 66 0 66 0 0 0 699 699 1398 699 0 1398 699 699 0 0 0 32 32 64 32 32 0 64 32 32 32 32 32 0 0 0 0 0 0 0 0 0 209 418 209 209 0 0 0 0 0 0 0 0 0 86 86 86 86 86 258 86 86 0 8 0 86 86 86 86 86 86 86 86 0 86 86 0 0 0 0 0 0 0 0 0 0 0 0 0 0 0 0 0 0 0 0 0 0 0 0 0 0 0 0 0 0 0 0 0 0 0 0 0 0 0 0 0 0 0 0 0 0 0 0 0 0 0 0 0 0 0 0 0 0 0 0 0 0 0 0 0 0 0 0 0 0 0 0 0 0 0 0 0 0 0 0 0 0 0 0 0 737 737 737 0 0 0 427 427 427 0 0 0 474 474 474 474 474 0 0 0 0 0 0 0 0 0 0 0 0 0 0 0 0 32 0 0 15 295 0 132 
232:/home/grant/.luarocks/share/lua/5.1/luassert/formatters/init.lua
0 0 0 0 0 0 0 0 0 0 0 0 0 0 0 0 0 0 0 0 0 0 0 0 0 0 0 0 0 79 79 0 0 0 0 0 0 0 0 0 0 0 0 0 0 0 0 0 0 0 0 0 0 0 0 0 0 0 0 0 79 0 0 79 0 0 105 26 0 79 0 0 115 10 0 105 0 0 0 0 0 0 0 0 0 0 0 0 0 0 0 0 0 0 0 0 0 0 0 0 0 0 0 0 0 0 0 0 0 0 0 0 0 0 0 0 0 0 0 0 0 0 0 115 115 0 0 0 0 0 0 0 0 0 0 0 0 0 0 0 0 0 0 0 0 0 0 0 0 0 0 0 0 0 0 0 0 0 0 0 0 0 0 0 0 0 0 0 0 0 0 0 0 0 0 0 0 0 0 0 0 0 0 0 0 0 0 0 0 0 0 0 0 115 0 0 0 115 0 0 115 0 0 115 0 0 115 0 0 115 0 0 230 115 0 0 0 0 0 0 0 0 0 0 0 0 0 0 0 0 230 115 
64:/home/grant/.luarocks/share/lua/5.1/luassert/match.lua
0 0 0 0 0 0 0 0 0 0 0 0 0 0 0 0 0 0 0 0 0 0 0 0 0 0 0 0 0 0 0 0 0 0 0 0 0 0 0 0 0 0 0 0 0 0 0 0 0 0 0 0 0 0 0 0 0 0 0 0 0 0 0 17320 
10:/home/grant/.luarocks/share/lua/5.1/luassert/modifiers.lua
0 0 0 0 1949 0 0 0 342 342 
154:/home/grant/.luarocks/share/lua/5.1/luassert/spy.lua
0 0 0 0 0 0 0 3896 7792 0 3896 7792 3896 3896 7792 0 0 0 0 0 0 3739 7478 0 0 7478 3739 3739 3739 0 0 0 0 0 2876 2876 2876 0 2876 0 2876 3739 0 0 0 0 0 3739 0 0 209 128 128 0 0 145 3739 0 0 16 16 16 0 16 16 16 0 0 3739 0 0 0 0 0 0 0 0 0 0 0 3739 3739 3739 3739 0 0 0 18456 0 0 0 3739 3739 0 3739 3739 0 3739 0 0 0 0 0 0 0 0 0 0 0 0 0 0 0 0 0 0 0 0 0 0 0 0 0 0 16 16 16 16 16 16 16 16 16 0 0 0 0 0 0 209 209 209 64 64 0 209 209 209 209 209 209 209 209 209 
123:/home/grant/.luarocks/share/lua/5.1/luassert/state.lua
0 0 0 0 0 0 0 0 0 0 0 0 0 0 0 0 0 0 0 0 0 0 0 0 0 0 0 0 0 0 0 0 0 0 0 0 0 0 0 0 0 0 0 0 0 0 0 0 0 0 0 0 0 0 0 0 0 0 0 0 0 0 0 0 0 0 0 0 0 0 0 0 0 0 0 0 0 0 0 0 0 0 0 0 0 0 0 115 1068 1068 1068 0 0 0 0 0 0 0 0 0 0 0 0 0 0 0 0 0 0 0 0 0 0 0 0 0 0 0 0 0 0 3739 3739 
105:/home/grant/.luarocks/share/lua/5.1/luassert/stub.lua
0 0 0 0 0 0 0 0 0 0 3739 0 0 0 0 3739 7478 11251 3739 0 3739 3739 356 3739 3739 3739 0 3896 3896 3896 318 0 3578 3739 0 3739 3739 3739 0 0 4092 2876 2876 2876 0 4092 3739 0 0 3056 0 3069 3056 3056 3739 0 0 0 153 145 145 3739 0 3739 3739 3739 3739 0 0 423 846 423 0 423 423 423 318 423 423 423 0 0 0 0 0 0 423 423 3739 0 3739 0 0 0 225 225 225 0 0 0 0 0 0 0 3739 
359:/home/grant/.luarocks/share/lua/5.1/luassert/util.lua
0 0 0 0 0 3887 7218 0 0 0 0 0 1136 1136 0 1136 96 96 0 96 0 0 0 96 0 0 0 96 96 96 96 96 0 0 0 96 0 0 0 96 96 0 272 176 176 0 0 0 176 176 0 0 0 0 0 272 0 0 176 0 0 96 96 0 96 0 0 0 8317 8317 8317 24830 16513 0 8317 0 0 0 18456 18456 915 0 0 915 915 915 0 3094 6537 0 915 0 0 915 0 915 0 0 0 0 0 0 0 8215 8215 8215 8215 24492 65108 0 16430 0 0 0 0 0 0 0 64 48 0 16 16 0 0 0 0 0 0 0 0 570 1262 928 1856 0 0 0 0 0 0 1856 236 0 0 0 1026 0 0 692 692 0 0 0 0 0 0 0 0 0 0 334 0 0 0 0 0 0 0 0 0 0 0 0 0 0 32 16 16 32 16 0 0 0 0 0 0 0 0 0 0 0 4132 0 0 0 1108 318 0 0 3578 0 0 0 0 0 0 0 0 0 0 0 0 2676 2676 2676 2676 2676 2676 0 0 0 0 2676 2676 0 2676 0 209 209 0 0 3908 1232 0 0 2676 2676 0 0 0 0 0 0 0 0 0 845 845 0 845 0 0 0 0 0 845 0 1716 871 0 0 845 845 845 0 0 0 0 0 0 0 0 0 7564 0 0 0 0 0 0 0 0 0 97 0 0 0 0 0 0 0 0 10689 10689 10689 10689 21378 10689 10689 10689 0 10689 10689 0 0 0 0 0 0 0 0 3180 0 0 3180 3180 3180 8651 5471 5471 0 0 5471 5487 16 16 16 16 0 0 5471 5471 5471 0 5471 0 0 0 3180 0 0 0 3180 0 0 0 0 0 0 15291 15291 15291 0 0 0 0 0 131 
154:/home/grant/.luarocks/share/lua/5.1/mediator.lua
0 544 0 0 0 578 578 578 0 0 0 0 0 0 578 0 578 578 0 0 0 0 0 362 0 362 362 362 362 0 0 578 578 0 578 0 578 391 391 0 340 0 0 578 0 578 362 0 0 0 0 0 0 0 0 0 0 0 0 362 0 0 0 0 0 0 0 0 362 0 0 724 362 362 0 0 0 362 0 0 22225 362 0 0 0 0 0 0 0 0 0 0 0 362 0 0 48058 27759 0 0 37259 0 27759 0 27759 27759 0 0 0 20299 13527 0 6772 0 362 362 0 0 0 0 0 0 0 0 0 0 0 0 0 0 0 10991 0 32854 43726 0 0 10991 0 0 0 1156 0 0 0 0 0 0 0 0 0 0 0 20826 
565:/home/grant/.luarocks/share/lua/5.1/pl/List.lua
0 0 0 0 0 0 0 0 0 0 0 0 0 0 0 0 0 0 0 0 16 16 16 16 16 16 16 0 16 16 0 0 16 16 0 16 0 16 0 0 0 0 0 0 0 0 16 0 0 0 16 0 16 0 16 0 16 0 0 0 0 0 0 16 0 0 0 0 0 0 0 0 0 0 0 0 16 0 0 0 0 16 0 0 0 16 0 0 0 0 16 0 0 16 0 16 0 0 0 0 0 16 0 0 0 16 0 0 0 0 0 0 16 0 0 0 16 0 0 0 0 16 0 16 0 0 0 0 0 16 0 0 0 16 0 0 0 0 0 0 0 16 0 0 0 0 16 0 0 0 0 0 0 16 0 0 0 16 0 16 0 0 0 0 0 0 0 0 16 16 0 0 0 0 16 0 16 0 0 0 0 16 0 0 0 0 0 16 0 0 0 0 16 0 0 0 16 0 0 0 0 16 0 16 0 0 0 16 0 0 0 0 0 0 0 16 0 0 0 0 16 0 0 0 0 0 0 0 16 0 0 0 0 0 0 0 0 16 0 16 0 0 0 16 0 0 16 0 16 0 0 0 0 0 0 0 0 0 0 0 16 0 0 0 0 0 0 0 0 0 0 0 0 0 0 0 16 0 0 16 0 16 0 0 0 0 0 0 0 0 16 0 16 0 0 0 0 0 0 0 16 0 0 0 0 0 0 0 0 16 0 0 0 0 0 0 16 0 0 0 0 0 0 16 0 0 0 0 0 16 0 0 0 0 16 0 0 0 0 0 16 0 0 0 0 0 16 0 0 0 0 0 16 0 0 0 16 0 0 0 0 0 0 16 0 0 0 0 0 0 0 16 0 0 0 0 16 0 16 0 0 0 0 16 0 0 0 0 16 0 0 0 0 0 16 0 0 0 0 16 0 0 0 0 0 16 0 0 0 0 0 16 0 16 0 0 0 0 0 0 16 0 0 16 0 0 0 0 0 0 0 0 16 0 16 0 0 0 0 0 0 16 0 0 16 0 0 0 0 0 0 0 0 16 0 16 0 0 0 0 0 0 0 16 0 0 0 0 0 0 0 16 0 0 0 0 0 16 0 16 0 0 0 0 0 0 0 0 0 0 0 16 0 16 0 0 0 0 0 16 0 16 0 0 0 0 0 0 0 0 16 0 0 0 0 0 0 0 0 0 0 16 0 0 16 0 16 0 0 0 0 0 0 0 16 0 0 0 0 0 0 0 0 0 0 0 0 0 0 0 0 0 0 0 0 0 0 0 0 0 0 16 16 0 16 
218:/home/grant/.luarocks/share/lua/5.1/pl/class.lua
0 0 0 0 0 0 0 0 0 0 0 0 0 0 0 0 0 0 0 0 0 0 0 0 0 0 0 0 0 0 0 0 0 0 0 0 0 0 0 0 0 0 0 0 0 0 0 0 0 0 0 0 0 0 0 0 0 0 0 0 0 0 0 0 0 0 0 0 0 0 0 0 0 0 0 0 0 0 0 0 0 0 0 0 0 0 0 0 0 0 0 0 0 0 0 0 0 0 0 0 0 0 0 0 0 0 0 0 0 0 0 0 0 0 0 0 0 0 0 0 0 0 0 0 0 0 0 0 0 0 16 0 16 16 0 0 0 16 0 0 16 0 0 0 0 0 0 16 0 0 0 16 16 16 16 16 0 0 16 0 0 0 0 0 0 0 0 0 0 0 0 0 0 0 0 0 0 0 0 0 0 0 16 0 0 0 0 0 0 0 0 16 16 16 16 16 0 16 16 0 0 16 0 0 0 0 0 0 0 0 0 0 0 0 0 0 0 16 
527:/home/grant/.luarocks/share/lua/5.1/pl/dir.lua
0 0 0 0 0 0 0 17 17 17 17 17 17 17 17 17 17 17 0 17 17 0 17 0 0 16 17 0 0 16 33 0 0 450 150 17 0 0 0 0 0 0 0 0 0 0 17 0 0 0 17 0 0 0 0 0 0 17 0 0 0 0 0 0 0 0 17 0 0 0 0 0 0 0 0 0 0 0 0 0 0 17 0 0 0 0 0 0 17 0 0 0 0 0 0 0 0 0 0 0 17 0 0 0 0 0 17 0 0 0 17 0 17 0 0 0 0 0 0 0 0 0 0 0 0 0 0 17 0 0 0 0 0 0 0 0 0 0 0 0 0 0 0 0 0 0 0 0 0 0 0 0 0 0 0 0 0 0 0 0 0 0 0 0 0 0 0 0 0 0 0 0 0 0 0 0 0 0 0 0 0 0 0 0 0 17 0 0 0 17 0 0 0 0 0 0 0 0 0 0 0 0 0 0 0 0 0 0 0 0 0 0 0 0 0 0 0 0 0 0 0 0 0 0 0 0 0 0 0 0 0 17 0 0 0 0 0 0 0 17 0 0 0 0 17 0 0 0 0 0 0 17 0 0 0 17 0 0 0 0 0 0 0 0 0 0 0 0 0 0 0 0 17 0 0 0 0 0 0 0 0 0 0 0 0 0 0 0 17 0 0 0 0 0 0 0 0 0 0 0 0 0 0 0 0 0 0 0 0 0 0 0 0 0 0 0 0 0 17 0 0 0 0 0 0 0 17 0 0 0 0 0 0 0 0 0 0 0 0 0 0 0 0 0 0 0 0 0 0 0 0 17 0 0 0 17 17 0 0 17 0 0 17 17 0 0 0 0 0 0 0 0 0 0 0 0 0 0 0 0 0 0 0 0 0 17 0 0 0 0 0 34 0 0 0 0 0 0 0 0 0 0 0 0 0 0 17 0 0 0 0 0 0 0 0 0 0 0 0 0 0 0 0 0 0 0 0 0 0 0 0 0 0 0 0 0 0 0 0 0 0 0 0 0 0 0 0 0 17 0 0 0 0 0 0 0 214 214 16 0 0 198 198 198 16 16 0 0 182 150 300 150 150 0 0 150 0 0 0 32 17 0 0 0 0 0 0 17 16 0 16 16 32 0 0 16 0 16 17 0 0 0 0 0 0 0 0 17 16 16 16 0 16 16 348 150 150 300 150 0 0 0 0 16 17 0 17 
397:/home/grant/.luarocks/share/lua/5.1/pl/path.lua
0 0 0 0 0 0 0 0 0 0 0 0 0 0 0 0 0 0 0 0 0 0 0 0 0 0 0 0 0 0 0 0 0 0 0 0 0 0 0 0 0 0 0 0 0 0 0 0 0 0 0 0 0 0 0 0 0 0 0 0 0 0 0 0 0 0 0 0 0 0 0 0 0 0 0 0 0 0 0 0 0 0 0 0 0 0 0 0 0 0 0 0 0 0 0 0 0 0 0 0 0 0 0 0 0 0 0 0 0 0 0 0 0 0 0 0 0 0 0 0 0 0 182 182 0 0 0 0 0 17 17 0 0 0 0 0 0 0 0 0 0 0 0 0 0 0 0 0 0 0 0 0 0 0 0 150 150 0 0 0 0 0 0 0 0 0 0 0 0 0 0 0 0 0 0 0 0 0 0 0 0 0 93493 0 0 0 0 0 0 0 0 0 0 0 0 0 0 0 0 0 0 0 0 0 0 0 0 0 0 0 0 0 0 0 0 0 0 0 0 0 0 0 0 0 0 0 0 0 0 0 0 7295 7295 7295 92953 85658 171316 0 7295 0 0 21885 0 0 0 0 0 0 0 0 0 0 0 0 0 0 0 0 0 0 0 0 0 0 0 0 0 0 0 0 0 0 0 0 0 0 0 135 135 135 540 405 0 0 405 810 0 135 0 0 405 0 0 0 0 0 0 0 0 0 0 0 7145 7145 7145 0 0 0 0 0 0 0 0 0 0 150 150 150 0 0 0 0 0 0 0 0 0 0 135 135 135 0 0 0 0 0 0 0 0 0 0 0 0 0 0 0 0 0 0 0 0 0 0 0 0 0 0 0 0 0 0 0 0 0 0 0 0 0 0 0 0 0 0 0 0 0 0 0 0 0 0 0 0 0 0 0 0 0 0 0 0 0 300 300 0 0 300 
887:/home/grant/.luarocks/share/lua/5.1/pl/tablex.lua
0 0 0 0 0 0 0 0 0 0 0 0 0 0 0 0 0 0 0 0 0 32 32 0 0 0 0 0 0 0 0 0 0 0 0 0 0 0 64 0 0 32 0 0 294 0 0 147 0 0 0 0 0 0 0 0 0 0 0 0 0 0 0 0 0 0 0 0 0 0 0 0 0 0 0 0 0 0 0 0 0 0 0 0 0 0 0 0 0 147 147 14706 14559 0 147 0 0 0 0 0 0 0 0 0 0 0 0 0 0 0 0 0 0 0 0 0 0 0 0 0 0 0 0 0 0 0 0 0 0 0 0 0 0 0 0 0 0 0 0 0 0 0 0 0 0 0 0 0 0 0 0 0 0 0 0 0 0 0 0 0 0 0 0 0 0 0 0 0 0 0 0 0 0 0 0 0 0 0 0 0 0 0 0 0 0 0 0 0 0 0 0 0 0 0 0 0 0 0 0 0 0 0 0 0 0 0 0 0 0 0 0 0 0 0 0 0 0 0 0 0 0 0 0 0 0 0 0 0 0 0 0 0 0 0 0 0 0 0 0 0 0 0 0 0 0 0 0 0 0 0 0 0 0 0 0 0 0 0 0 0 0 0 0 0 0 0 0 0 0 0 0 0 0 0 0 0 0 0 0 0 0 0 0 0 0 0 0 0 0 0 0 0 0 0 0 0 0 0 0 0 0 0 0 0 0 0 0 0 0 0 0 0 0 0 0 0 0 0 0 0 0 0 0 0 0 0 0 0 0 0 0 0 0 0 0 0 0 0 0 0 0 0 0 0 0 0 0 0 0 0 0 0 0 0 0 0 0 0 0 0 0 0 0 0 0 0 0 0 0 0 0 0 0 0 0 0 0 0 0 0 0 0 0 0 0 0 0 0 0 0 0 0 0 0 0 0 0 0 0 0 0 0 0 0 0 0 0 0 0 0 0 0 0 0 0 0 0 0 0 0 0 0 0 0 0 0 0 0 0 0 0 0 0 0 0 0 0 0 0 0 0 0 0 0 0 0 0 0 0 0 0 0 0 0 0 0 0 0 0 0 0 0 0 0 0 0 0 0 0 0 0 0 0 0 0 0 0 0 0 0 0 0 0 0 0 0 0 0 0 0 0 0 0 0 0 0 0 0 0 0 0 0 0 0 0 0 0 0 0 0 0 0 0 0 0 0 0 0 0 0 0 0 0 0 0 0 0 0 0 0 0 0 0 0 0 0 0 0 0 0 0 0 0 0 0 0 0 0 0 0 0 0 0 0 0 0 0 0 0 0 0 0 0 0 0 0 0 0 0 0 0 0 0 0 0 0 0 0 0 0 0 0 0 0 0 0 0 0 0 0 0 0 0 0 0 0 0 0 0 0 0 0 0 0 0 0 0 0 0 0 0 0 0 0 0 0 0 0 0 0 0 0 0 0 0 0 0 0 0 0 0 0 0 0 0 0 0 0 0 0 0 0 0 0 0 0 0 0 0 0 0 0 0 0 0 0 0 0 0 0 0 0 0 0 0 0 0 0 0 0 0 0 0 0 0 0 0 0 0 0 0 0 0 0 0 0 0 0 0 0 0 0 0 0 0 0 0 0 0 0 0 0 0 0 0 0 0 0 0 0 0 0 0 0 0 0 0 0 0 0 0 0 32 64 32 316 284 568 268 268 0 0 32 0 0 0 0 0 0 0 0 0 0 0 0 0 0 0 0 0 0 0 0 0 0 0 0 0 0 0 0 0 0 0 0 0 0 0 0 0 0 0 0 0 0 0 0 0 0 0 0 0 0 0 0 0 0 0 0 0 0 0 0 0 0 0 0 0 0 0 0 0 0 0 0 0 0 0 0 0 0 0 0 0 0 0 0 0 0 0 0 0 0 0 0 0 0 0 0 0 0 0 0 0 0 0 0 0 0 0 0 0 0 0 0 0 0 0 0 0 0 0 0 0 0 0 0 0 0 0 0 0 0 0 0 0 0 0 0 0 17 17 17 17 0 0 0 17 17 0 0 17 152 135 0 0 17 
127:/home/grant/.luarocks/share/lua/5.1/pl/types.lua
0 0 0 0 0 0 0 0 0 0 0 0 0 0 0 0 0 0 0 0 0 0 0 0 0 0 0 0 0 0 0 0 0 0 0 0 0 0 0 0 0 0 0 0 0 0 0 0 0 0 0 0 0 0 0 0 0 0 0 0 0 0 0 0 0 0 0 0 0 0 0 0 0 0 0 0 0 0 0 0 0 0 0 0 0 0 0 0 0 0 0 0 0 0 0 0 179 0 0 0 0 0 0 0 0 0 0 0 0 0 32 32 0 0 0 0 0 0 0 0 0 0 0 0 0 147 147 
697:/home/grant/.luarocks/share/lua/5.1/pl/utils.lua
0 0 0 0 0 0 0 0 0 0 0 0 0 0 0 0 0 0 0 0 0 0 0 0 0 0 0 0 0 0 0 0 0 0 0 0 0 0 0 0 0 0 0 0 0 0 0 0 0 0 0 0 0 0 0 0 0 0 0 0 0 0 0 0 0 0 0 0 0 0 0 0 0 0 0 0 0 0 0 0 0 0 0 0 0 0 0 0 0 0 0 0 0 0 0 0 0 0 0 0 0 0 0 0 0 0 0 0 0 0 0 0 0 0 0 0 0 0 0 0 0 0 0 0 0 0 0 0 0 0 0 0 0 0 0 0 0 0 0 0 0 0 0 0 0 0 0 0 0 0 0 0 0 0 0 0 0 0 0 0 0 0 0 0 0 0 0 0 0 0 0 0 0 0 0 0 0 0 0 0 0 0 0 0 0 0 0 0 0 0 0 0 0 0 0 0 0 0 0 0 0 0 0 0 0 0 0 0 0 0 0 0 0 0 0 0 0 0 0 0 0 0 0 0 0 0 0 0 0 0 0 0 0 0 0 0 0 0 0 0 0 0 0 0 0 0 0 0 0 0 0 0 0 0 0 0 0 0 0 0 0 0 0 0 0 0 0 0 0 0 0 0 0 0 0 0 0 0 0 0 0 0 0 0 0 0 0 0 0 0 15724 0 0 15740 0 0 15724 0 0 0 0 0 0 0 0 0 0 0 0 0 0 0 0 0 0 0 0 0 0 0 0 0 0 0 0 0 0 0 0 0 0 0 0 0 0 0 0 0 0 0 0 0 0 0 0 0 0 0 0 0 0 0 0 0 0 0 0 0 0 0 0 0 0 0 0 0 0 0 0 0 0 0 0 0 0 0 0 0 0 0 0 0 0 0 0 0 0 0 0 0 0 0 0 0 0 0 0 0 0 0 0 0 0 0 0 0 0 0 0 0 0 0 0 0 0 0 0 0 0 0 0 0 0 0 0 0 0 0 0 0 0 0 0 0 0 32 32 32 0 0 0 0 0 0 0 0 0 0 0 0 0 0 0 0 0 0 0 0 0 0 0 0 0 0 0 0 0 0 0 0 0 0 0 0 0 15659 0 0 0 0 0 0 0 0 0 0 0 0 0 0 0 0 0 0 0 0 0 0 0 0 0 0 0 0 0 0 0 0 0 0 0 0 0 0 0 0 0 0 0 0 0 0 0 0 0 0 0 0 0 0 0 0 0 0 0 0 0 0 0 0 0 0 0 0 0 0 0 0 0 0 0 0 0 0 0 0 0 0 0 0 0 0 0 0 0 0 0 0 0 0 0 0 0 0 0 0 0 0 0 0 0 0 0 0 0 0 0 0 0 0 0 0 0 0 0 0 0 0 0 0 0 0 0 0 0 0 0 0 0 0 0 0 0 0 0 0 0 0 0 0 0 0 0 0 0 0 0 0 0 0 0 0 0 0 0 0 0 0 0 0 0 0 0 0 0 0 0 0 0 0 0 0 0 0 0 0 0 0 0 0 0 0 0 0 0 0 0 0 0 0 0 0 0 0 0 0 0 0 0 0 0 0 0 0 0 0 0 0 0 0 0 0 0 0 0 150 150 
52:/home/grant/.luarocks/share/lua/5.1/say/init.lua
0 0 0 0 0 0 0 0 0 0 0 0 0 17 17 0 0 17 0 0 0 0 0 0 0 0 0 323 323 0 0 0 0 1321 0 0 1321 1321 0 1321 0 1321 0 0 1321 1321 0 5534 4213 0 0 1321 
41:/home/grant/.luarocks/share/lua/5.1/vusted/run.lua
0 0 0 0 0 0 0 0 0 0 0 0 0 0 0 0 0 0 0 0 0 0 0 0 0 0 0 0 0 6 6 0 0 0 0 6 6 0 0 0 6 
405:/var/www/hermes/lua/hermes/binary.lua
252 252 0 328 0 0 580 0 0 252 328 0 252 0 0 152 381 0 152 328 0 0 252 328 0 0 252 978 252 328 0 0 0 542 1386 328 359 0 0 328 613 548 548 548 548 580 0 0 0 580 1159 580 0 0 0 328 322 328 252 67 67 67 0 270 352 114 88 0 186 42 0 93 47 88 24 24 0 26 8 102 43 0 0 95 69 299 32 12 0 0 26 294 127 74 61 40 40 26 74 40 21 53 145 40 40 0 64 188 61 101 12 192 21 0 0 82 237 57 92 0 32 12 0 0 64 40 56 56 16 104 72 56 16 0 0 12 12 12 0 24 0 0 0 0 0 12 12 12 0 276 0 0 0 0 0 264 95 95 24 0 95 95 0 12 148 12 0 0 0 219 40 0 0 272 15 0 0 0 217 52 27 27 52 25 0 54 0 24 24 0 12 34 4 24 20 0 4 0 8 109 87 36 38 38 20 20 20 20 20 20 20 22 7 22 86 71 70 0 6 73 3 158 39 15 15 95 87 44 47 28 28 28 28 28 3 11 0 0 6 73 0 72 15 72 18 41 41 25 25 25 25 25 25 25 19 19 19 16 28 0 25 0 6 9 9 46 61 84 54 255 3 58 86 6 255 23 6 3 32 8 16 16 14 8 14 200 8 8 8 8 200 59 8 8 110 8 8 0 2 58 81 8 8 252 55 85 6 4 262 17 0 11 0 11 11 0 4 112 273 0 0 0 11 499 95 12 14 26 12 252 40 20 46 37 3 6 230 41 8 8 0 0 216 45 6 54 54 9 3 48 69 27 11 20 3 42 12 12 41 17 8 0 0 36 44 36 3 11 0 16 0 66 30 101 52 150 0 141 0 60 39 0 9 11 3 8 8 0 0 0 0 0 6 0 6 0 6 12 16 268 0 291 225 0 192 
109:/var/www/hermes/lua/hermes/config.lua
0 0 0 0 0 0 0 0 0 835 0 0 0 0 0 0 0 0 0 0 0 0 0 835 0 0 0 835 835 0 0 0 835 835 835 0 835 835 0 0 0 0 0 0 835 707 0 0 707 707 707 707 707 0 0 707 158 158 158 0 0 549 549 549 549 549 0 1542 0 0 0 835 69 835 0 0 0 835 238 835 0 0 0 835 110 835 0 0 0 835 16 835 0 0 0 835 16 835 0 0 0 835 698 208 0 490 835 0 835 
143:/var/www/hermes/lua/hermes/download.lua
0 0 0 0 0 739 0 153 153 586 564 586 153 174 153 586 202 586 153 54 153 586 150 586 153 36 153 0 586 512 168 329 188 181 84 9 56 595 0 6 153 0 0 0 0 586 121 0 121 13 0 0 108 108 225 78 13 42 3 46 26 23 23 23 0 3 108 0 255 0 30 44 27 37 6 0 0 90 84 84 6 38 32 0 39 85 586 0 39 0 27 27 9 586 42 84 625 0 586 0 0 0 0 0 0 0 0 0 0 0 0 0 0 0 39 39 39 0 18 18 0 18 18 18 0 18 18 0 0 21 153 0 0 0 0 0 0 153 30 60 153 0 153 
716:/var/www/hermes/lua/hermes/init.lua
0 0 0 0 0 0 0 0 0 0 0 0 0 0 0 0 0 0 0 0 0 0 0 0 0 0 0 0 0 0 0 0 0 0 0 0 0 0 0 0 0 0 0 0 0 0 0 0 0 0 0 0 0 0 0 0 0 0 0 0 0 0 0 0 0 0 0 0 0 0 0 0 0 0 0 0 0 0 0 0 0 0 0 0 0 0 0 0 0 0 0 0 0 0 0 0 0 0 0 0 0 0 0 0 0 0 0 0 0 0 0 0 0 0 0 0 0 0 0 0 0 0 0 0 0 0 0 0 0 0 0 0 0 0 0 0 134 0 0 0 0 0 0 134 0 0 134 134 134 0 0 0 0 0 0 134 170 134 0 0 134 31 134 0 0 0 274 134 0 0 0 201 134 0 0 0 114 134 0 0 0 497 631 0 0 0 435 569 0 0 0 142 142 142 134 0 0 0 0 0 0 0 101 86 134 0 0 0 87 87 134 0 0 0 28 14 14 14 14 134 0 0 0 50 50 50 50 184 0 0 0 8 38 38 46 156 0 0 0 0 0 15 3 0 0 12 0 0 12 12 0 0 0 12 6 0 0 8 12 6 0 8 8 0 0 16 0 0 6 6 0 0 0 12 3 0 0 0 12 3 0 0 8 28 3 3 3 0 3 0 8 100 134 8 0 8 0 0 18 11 0 88 8 15 3 12 3 153 0 9 3 150 67 3 3 16 0 0 126 0 8 16 14 6 22 8 0 0 0 0 0 0 0 0 0 0 8 0 0 0 0 126 0 0 0 56 104 0 0 208 104 56 96 48 48 160 15 56 97 48 0 48 66 8 31 0 104 190 0 0 0 8 16 0 134 172 3 3 0 11 0 0 0 11 0 156 126 8 0 0 0 356 87 0 0 174 17 0 0 156 8 0 0 0 86 156 78 0 164 48 0 0 0 38 30 0 30 68 6 36 156 8 0 0 0 8 0 0 0 126 89 0 0 162 89 81 0 0 0 170 66 114 207 8 0 0 0 126 66 60 63 159 8 8 8 134 80 74 65 158 8 8 8 126 14 6 6 129 0 0 0 126 6 6 6 129 0 0 0 0 126 6 6 6 129 0 0 0 126 6 6 6 129 0 0 0 0 126 6 6 6 129 0 0 0 126 6 6 6 129 0 0 0 0 126 6 6 6 129 0 0 0 0 126 6 6 3 126 0 0 0 0 0 0 0 0 0 0 0 0 0 0 0 0 0 0 0 0 0 0 0 0 0 0 0 0 0 0 0 0 0 0 0 0 0 0 0 0 0 0 0 0 0 0 0 0 0 0 0 0 0 0 0 0 0 0 0 0 0 0 0 0 0 0 0 0 0 0 0 0 0 0 0 0 0 0 0 0 0 0 0 0 0 0 0 0 0 0 0 0 0 0 0 0 0 0 0 0 0 0 0 0 0 0 0 0 0 0 0 0 0 0 0 0 0 0 0 0 0 0 0 0 0 0 0 0 0 126 0 0 252 0 0 0 0 0 0 0 0 0 0 0 0 0 0 0 0 0 0 0 0 0 0 0 0 0 0 0 0 0 0 126 0 0 0 126 0 0 0 0 0 126 126 126 126 126 126 126 126 126 126 126 126 126 0 126 
57:/var/www/hermes/lua/hermes/logging.lua
0 0 0 0 236 0 0 0 0 0 0 1380 618 0 0 0 762 0 0 0 0 0 0 0 0 0 1524 236 0 0 0 0 0 0 236 666 666 0 666 666 0 0 666 666 0 0 0 666 177 177 96 0 177 0 902 0 236 
107:/var/www/hermes/lua/hermes/platform.lua
0 0 0 1462 0 0 0 1462 3704 3704 0 3704 3610 94 3 91 17 0 0 219 3 196 17 108 51 0 0 3 0 1462 0 0 0 1462 1973 0 0 1854 1752 102 17 85 17 0 68 0 1462 0 0 0 1462 1900 1900 1866 34 17 17 17 0 1462 0 0 0 1462 375 375 375 375 1462 0 0 0 0 1462 68 34 34 51 34 1462 0 0 0 1462 298 430 149 149 132 0 17 0 1462 0 0 0 1462 1498 2230 749 749 732 0 17 1462 0 1462 
125:/var/www/hermes/lua/hermes/version.lua
0 0 0 452 235 0 235 0 217 353 118 0 353 96 0 235 0 22 10 0 235 113 308 0 91 75 217 44 44 16 52 0 0 60 279 0 0 44 0 44 235 44 88 24 24 4 0 86 21 21 75 75 0 10 85 10 85 0 75 34 34 34 10 0 20 56 56 10 0 15 6 11 136 51 89 0 55 132 0 183 0 51 27 27 0 0 0 24 24 0 24 0 24 235 0 0 0 235 160 160 395 0 0 0 235 40 40 40 40 40 40 235 0 0 0 0 235 64 8 0 0 56 235 0 235 
